<?xml version="1.0" encoding="UTF-8"?>
<robot generator="Robot 6.1.1 (Python 3.10.12 on win32)" generated="20231018 20:07:50.108" rpa="true" schemaversion="4">
<suite id="s1" name="Tasks" source="c:\RPA\Practica\CursoNivel2\tasks.robot">
<test id="s1-t1" name="Order robots from RobotSpareBin Industries Inc" line="15">
<kw name="Open the robot order website">
<kw name="Open Available Browser" library="RPA.Browser.Selenium">
<arg>https://robotsparebinindustries.com/#/robot-order</arg>
<doc>Attempts to open a browser on the user's device from a set of
supported browsers. Automatically downloads a corresponding webdriver
if none is already installed.</doc>
<msg timestamp="20231018 20:07:52.442" level="INFO">====== WebDriver manager ======</msg>
<msg timestamp="20231018 20:07:53.209" level="INFO">Downloaded webdriver to: C:\Users\Usuario\AppData\Local\robocorp\webdrivers\.wdm\drivers\chromedriver\win64\118.0.5993.70\chromedriver-win32/chromedriver.exe</msg>
<msg timestamp="20231018 20:07:53.227" level="INFO">Webdriver version taken into use: ChromeDriver 118.0.5993.70 (e52f33f30b91b4ddfad649acddc39ab570473b86-refs/branch-heads/5993@{#1216})
</msg>
<msg timestamp="20231018 20:07:53.994" level="INFO">Targeted browser version: 118.0.5993.88</msg>
<msg timestamp="20231018 20:07:53.994" level="INFO">Creating an instance of the Chrome WebDriver.</msg>
<msg timestamp="20231018 20:07:55.058" level="INFO">Created Chrome browser with arguments: --disable-dev-shm-usage --disable-web-security --allow-running-insecure-content --no-sandbox</msg>
<msg timestamp="20231018 20:07:55.058" level="INFO" html="true">&lt;p&gt;Attempted combinations:&lt;/p&gt;&lt;div class="doc"&gt;&lt;table&gt;&lt;tr&gt;&lt;th&gt;Browser&lt;/th&gt;&lt;th&gt;Download&lt;/th&gt;&lt;th&gt;Error&lt;/th&gt;&lt;/tr&gt;&lt;tr&gt;&lt;td&gt;Chrome&lt;/td&gt;&lt;td&gt;False&lt;/td&gt;&lt;td&gt;Message: Webdriver executable 'chromedriver' is not in PATH (with disabled Selenium Manager)
&lt;/td&gt;&lt;/tr&gt;&lt;tr&gt;&lt;td&gt;Chrome&lt;/td&gt;&lt;td&gt;True&lt;/td&gt;&lt;td&gt;&lt;/td&gt;&lt;/tr&gt;&lt;/table&gt;&lt;/div&gt;</msg>
<msg timestamp="20231018 20:07:55.058" level="INFO">Opening url 'https://robotsparebinindustries.com/#/robot-order'</msg>
<status status="PASS" starttime="20231018 20:07:52.014" endtime="20231018 20:07:56.153"/>
</kw>
<status status="PASS" starttime="20231018 20:07:52.013" endtime="20231018 20:07:56.154"/>
</kw>
<kw name="Download the csv file">
<kw name="Download" library="RPA.HTTP">
<arg>https://robotsparebinindustries.com/orders.csv</arg>
<arg>overwrite=True</arg>
<doc>An alias for the ``HTTP Get`` keyword.</doc>
<msg timestamp="20231018 20:07:56.156" level="INFO">Creating a new HTTP session</msg>
<msg timestamp="20231018 20:07:56.156" level="INFO">Creating Session using : alias=rpasession_alias.httpsrobotsparebinindustries.com, url=https://robotsparebinindustries.com, headers={},                     cookies={}, auth=None, timeout=None, proxies=None, verify=True,                     debug=0 </msg>
<status status="PASS" starttime="20231018 20:07:56.155" endtime="20231018 20:07:56.598"/>
</kw>
<status status="PASS" starttime="20231018 20:07:56.155" endtime="20231018 20:07:56.598"/>
</kw>
<kw name="Fill the form using the data from the Excel file">
<kw name="Read table from CSV" library="RPA.Tables">
<var>${ordenes}</var>
<arg>orders.csv</arg>
<doc>Read a CSV file as a table.</doc>
<msg timestamp="20231018 20:07:56.602" level="INFO">${ordenes} = Table(columns=['Order number', 'Head', 'Body', 'Legs', 'Address'], rows=20)</msg>
<status status="PASS" starttime="20231018 20:07:56.599" endtime="20231018 20:07:56.603"/>
</kw>
<status status="PASS" starttime="20231018 20:07:56.598" endtime="20231018 20:07:56.603"/>
</kw>
<status status="PASS" starttime="20231018 20:07:52.012" endtime="20231018 20:07:56.604"/>
</test>
<doc>Orders robots from RobotSpareBin Industries Inc.
Saves the order HTML receipt as a PDF file.
Saves the screenshot of the ordered robot.
Embeds the screenshot of the robot to the PDF receipt.
Creates ZIP archive of the receipts and the images.</doc>
<status status="PASS" starttime="20231018 20:07:50.116" endtime="20231018 20:07:56.605"/>
</suite>
<statistics>
<total>
<stat pass="1" fail="0" skip="0">All Tasks</stat>
</total>
<tag>
</tag>
<suite>
<stat pass="1" fail="0" skip="0" id="s1" name="Tasks">Tasks</stat>
</suite>
</statistics>
<errors>
</errors>
</robot>
